[debug] [2022-10-14T13:49:57.095Z] ----------------------------------------------------------------------
[debug] [2022-10-14T13:49:57.097Z] Command:       C:\Program Files\nodejs\node.exe C:\Users\ASUS\AppData\Roaming\npm\node_modules\firebase-tools\lib\bin\firebase.js init
[debug] [2022-10-14T13:49:57.097Z] CLI Version:   11.14.3
[debug] [2022-10-14T13:49:57.098Z] Platform:      win32
[debug] [2022-10-14T13:49:57.098Z] Node Version:  v16.13.0
[debug] [2022-10-14T13:49:57.099Z] Time:          Fri Oct 14 2022 19:34:57 GMT+0545 (Nepal Time)
[debug] [2022-10-14T13:49:57.099Z] ----------------------------------------------------------------------
[debug] 
[debug] [2022-10-14T13:49:57.106Z] > command requires scopes: ["email","openid","https://www.googleapis.com/auth/cloudplatformprojects.readonly","https://www.googleapis.com/auth/firebase","https://www.googleapis.com/auth/cloud-platform"]
[debug] [2022-10-14T13:49:57.106Z] > authorizing via signed-in user (fupulamu01@gmail.com)
[info] 
     ######## #### ########  ######## ########     ###     ######  ########
     ##        ##  ##     ## ##       ##     ##  ##   ##  ##       ##
     ######    ##  ########  ######   ########  #########  ######  ######
     ##        ##  ##    ##  ##       ##     ## ##     ##       ## ##
     ##       #### ##     ## ######## ########  ##     ##  ######  ########

You're about to initialize a Firebase project in this directory:

  D:\MERN\Netflix_firebse_React\netflix

[info] 
=== Project Setup
[info] 
[info] First, let's associate this project directory with a Firebase project.
[info] You can create multiple project aliases by running firebase use --add, 
[info] but for now we'll just set up a default project.
[info] 
[debug] [2022-10-14T13:50:07.333Z] >>> [apiv2][query] GET https://firebase.googleapis.com/v1beta1/projects pageSize=100
[debug] [2022-10-14T13:50:08.315Z] <<< [apiv2][status] GET https://firebase.googleapis.com/v1beta1/projects 200
[debug] [2022-10-14T13:50:08.315Z] <<< [apiv2][body] GET https://firebase.googleapis.com/v1beta1/projects [omitted]
